{"/Users/ecorreia/Sites/_tests/debugTool/debug-util.js":{"path":"/Users/ecorreia/Sites/_tests/debugTool/debug-util.js","s":{"1":1,"2":1,"3":1,"4":1,"5":1,"6":3,"7":3,"8":1,"9":1,"10":0,"11":1,"12":3,"13":3,"14":9,"15":3,"16":1,"17":1,"18":1,"19":1,"20":1,"21":1,"22":1,"23":1,"24":1,"25":3,"26":1,"27":4,"28":4,"29":1,"30":1,"31":1,"32":0,"33":3,"34":1,"35":1,"36":1,"37":0,"38":2,"39":1,"40":1,"41":1,"42":1,"43":0,"44":1,"45":1,"46":0,"47":0,"48":1,"49":1,"50":1,"51":1,"52":1,"53":0,"54":1,"55":2,"56":2,"57":2,"58":2,"59":2,"60":2,"61":2,"62":2,"63":2,"64":2,"65":2,"66":2,"67":2,"68":2,"69":0,"70":1,"71":0,"72":1,"73":1,"74":1,"75":1,"76":1},"b":{"1":[3,0],"2":[1,1],"3":[0,1],"4":[1,1,1],"5":[1,3],"6":[1,0],"7":[1,2],"8":[3,2],"9":[1,0],"10":[1,1],"11":[1,0],"12":[0,1],"13":[1,0],"14":[0,0],"15":[1,0],"16":[2,0],"17":[0,1]},"f":{"1":3,"2":3,"3":4,"4":2},"fnMap":{"1":{"name":"grab","line":11,"loc":{"start":{"line":11,"column":0},"end":{"line":11,"column":21}}},"2":{"name":"versionBump","line":22,"loc":{"start":{"line":22,"column":0},"end":{"line":22,"column":51}}},"3":{"name":"debug","line":49,"loc":{"start":{"line":49,"column":0},"end":{"line":49,"column":42}}},"4":{"name":"colorAndConsole","line":111,"loc":{"start":{"line":111,"column":0},"end":{"line":111,"column":46}}}},"statementMap":{"1":{"start":{"line":2,"column":0},"end":{"line":2,"column":31}},"2":{"start":{"line":3,"column":0},"end":{"line":3,"column":35}},"3":{"start":{"line":5,"column":0},"end":{"line":5,"column":24}},"4":{"start":{"line":7,"column":0},"end":{"line":7,"column":26}},"5":{"start":{"line":11,"column":0},"end":{"line":14,"column":1}},"6":{"start":{"line":12,"column":2},"end":{"line":12,"column":32}},"7":{"start":{"line":13,"column":2},"end":{"line":13,"column":49}},"8":{"start":{"line":15,"column":0},"end":{"line":15,"column":42}},"9":{"start":{"line":17,"column":0},"end":{"line":19,"column":1}},"10":{"start":{"line":18,"column":2},"end":{"line":18,"column":28}},"11":{"start":{"line":22,"column":0},"end":{"line":47,"column":1}},"12":{"start":{"line":23,"column":2},"end":{"line":23,"column":49}},"13":{"start":{"line":25,"column":2},"end":{"line":27,"column":3}},"14":{"start":{"line":26,"column":4},"end":{"line":26,"column":74}},"15":{"start":{"line":29,"column":2},"end":{"line":44,"column":4}},"16":{"start":{"line":31,"column":7},"end":{"line":31,"column":28}},"17":{"start":{"line":32,"column":7},"end":{"line":32,"column":13}},"18":{"start":{"line":35,"column":7},"end":{"line":35,"column":28}},"19":{"start":{"line":36,"column":7},"end":{"line":36,"column":27}},"20":{"start":{"line":37,"column":7},"end":{"line":37,"column":13}},"21":{"start":{"line":40,"column":7},"end":{"line":40,"column":28}},"22":{"start":{"line":41,"column":7},"end":{"line":41,"column":27}},"23":{"start":{"line":42,"column":7},"end":{"line":42,"column":27}},"24":{"start":{"line":43,"column":7},"end":{"line":43,"column":13}},"25":{"start":{"line":46,"column":2},"end":{"line":46,"column":32}},"26":{"start":{"line":49,"column":0},"end":{"line":108,"column":1}},"27":{"start":{"line":52,"column":2},"end":{"line":52,"column":23}},"28":{"start":{"line":55,"column":2},"end":{"line":61,"column":3}},"29":{"start":{"line":56,"column":4},"end":{"line":56,"column":79}},"30":{"start":{"line":57,"column":4},"end":{"line":60,"column":15}},"31":{"start":{"line":58,"column":6},"end":{"line":58,"column":25}},"32":{"start":{"line":60,"column":6},"end":{"line":60,"column":15}},"33":{"start":{"line":64,"column":2},"end":{"line":70,"column":3}},"34":{"start":{"line":65,"column":4},"end":{"line":65,"column":87}},"35":{"start":{"line":66,"column":4},"end":{"line":69,"column":15}},"36":{"start":{"line":67,"column":6},"end":{"line":67,"column":25}},"37":{"start":{"line":69,"column":6},"end":{"line":69,"column":15}},"38":{"start":{"line":73,"column":2},"end":{"line":107,"column":3}},"39":{"start":{"line":75,"column":4},"end":{"line":77,"column":5}},"40":{"start":{"line":76,"column":6},"end":{"line":76,"column":34}},"41":{"start":{"line":79,"column":4},"end":{"line":79,"column":19}},"42":{"start":{"line":80,"column":4},"end":{"line":86,"column":5}},"43":{"start":{"line":81,"column":6},"end":{"line":81,"column":17}},"44":{"start":{"line":82,"column":11},"end":{"line":86,"column":5}},"45":{"start":{"line":83,"column":6},"end":{"line":83,"column":17}},"46":{"start":{"line":84,"column":11},"end":{"line":86,"column":5}},"47":{"start":{"line":85,"column":6},"end":{"line":85,"column":17}},"48":{"start":{"line":88,"column":4},"end":{"line":97,"column":6}},"49":{"start":{"line":99,"column":4},"end":{"line":99,"column":86}},"50":{"start":{"line":101,"column":4},"end":{"line":101,"column":44}},"51":{"start":{"line":103,"column":4},"end":{"line":106,"column":15}},"52":{"start":{"line":104,"column":6},"end":{"line":104,"column":25}},"53":{"start":{"line":106,"column":6},"end":{"line":106,"column":15}},"54":{"start":{"line":111,"column":0},"end":{"line":138,"column":1}},"55":{"start":{"line":113,"column":2},"end":{"line":113,"column":50}},"56":{"start":{"line":114,"column":2},"end":{"line":114,"column":32}},"57":{"start":{"line":115,"column":2},"end":{"line":115,"column":26}},"58":{"start":{"line":116,"column":2},"end":{"line":116,"column":28}},"59":{"start":{"line":117,"column":2},"end":{"line":117,"column":32}},"60":{"start":{"line":118,"column":2},"end":{"line":118,"column":32}},"61":{"start":{"line":119,"column":2},"end":{"line":119,"column":26}},"62":{"start":{"line":120,"column":2},"end":{"line":120,"column":30}},"63":{"start":{"line":121,"column":2},"end":{"line":121,"column":24}},"64":{"start":{"line":122,"column":2},"end":{"line":122,"column":36}},"65":{"start":{"line":123,"column":2},"end":{"line":123,"column":30}},"66":{"start":{"line":125,"column":2},"end":{"line":132,"column":61}},"67":{"start":{"line":134,"column":2},"end":{"line":137,"column":13}},"68":{"start":{"line":135,"column":4},"end":{"line":135,"column":23}},"69":{"start":{"line":137,"column":4},"end":{"line":137,"column":13}},"70":{"start":{"line":141,"column":0},"end":{"line":143,"column":1}},"71":{"start":{"line":142,"column":2},"end":{"line":142,"column":25}},"72":{"start":{"line":145,"column":0},"end":{"line":145,"column":29}},"73":{"start":{"line":146,"column":0},"end":{"line":146,"column":49}},"74":{"start":{"line":147,"column":0},"end":{"line":147,"column":27}},"75":{"start":{"line":148,"column":0},"end":{"line":148,"column":30}},"76":{"start":{"line":149,"column":0},"end":{"line":149,"column":41}}},"branchMap":{"1":{"line":13,"type":"cond-expr","locations":[{"start":{"line":13,"column":21},"end":{"line":13,"column":25}},{"start":{"line":13,"column":28},"end":{"line":13,"column":47}}]},"2":{"line":15,"type":"binary-expr","locations":[{"start":{"line":15,"column":12},"end":{"line":15,"column":27}},{"start":{"line":15,"column":31},"end":{"line":15,"column":41}}]},"3":{"line":17,"type":"if","locations":[{"start":{"line":17,"column":0},"end":{"line":17,"column":0}},{"start":{"line":17,"column":0},"end":{"line":17,"column":0}}]},"4":{"line":29,"type":"switch","locations":[{"start":{"line":30,"column":4},"end":{"line":32,"column":13}},{"start":{"line":34,"column":4},"end":{"line":37,"column":13}},{"start":{"line":39,"column":4},"end":{"line":43,"column":13}}]},"5":{"line":55,"type":"if","locations":[{"start":{"line":55,"column":2},"end":{"line":55,"column":2}},{"start":{"line":55,"column":2},"end":{"line":55,"column":2}}]},"6":{"line":57,"type":"if","locations":[{"start":{"line":57,"column":4},"end":{"line":57,"column":4}},{"start":{"line":57,"column":4},"end":{"line":57,"column":4}}]},"7":{"line":64,"type":"if","locations":[{"start":{"line":64,"column":2},"end":{"line":64,"column":2}},{"start":{"line":64,"column":2},"end":{"line":64,"column":2}}]},"8":{"line":64,"type":"binary-expr","locations":[{"start":{"line":64,"column":5},"end":{"line":64,"column":13}},{"start":{"line":64,"column":17},"end":{"line":64,"column":40}}]},"9":{"line":66,"type":"if","locations":[{"start":{"line":66,"column":4},"end":{"line":66,"column":4}},{"start":{"line":66,"column":4},"end":{"line":66,"column":4}}]},"10":{"line":73,"type":"if","locations":[{"start":{"line":73,"column":2},"end":{"line":73,"column":2}},{"start":{"line":73,"column":2},"end":{"line":73,"column":2}}]},"11":{"line":75,"type":"if","locations":[{"start":{"line":75,"column":4},"end":{"line":75,"column":4}},{"start":{"line":75,"column":4},"end":{"line":75,"column":4}}]},"12":{"line":80,"type":"if","locations":[{"start":{"line":80,"column":4},"end":{"line":80,"column":4}},{"start":{"line":80,"column":4},"end":{"line":80,"column":4}}]},"13":{"line":82,"type":"if","locations":[{"start":{"line":82,"column":11},"end":{"line":82,"column":11}},{"start":{"line":82,"column":11},"end":{"line":82,"column":11}}]},"14":{"line":84,"type":"if","locations":[{"start":{"line":84,"column":11},"end":{"line":84,"column":11}},{"start":{"line":84,"column":11},"end":{"line":84,"column":11}}]},"15":{"line":103,"type":"if","locations":[{"start":{"line":103,"column":4},"end":{"line":103,"column":4}},{"start":{"line":103,"column":4},"end":{"line":103,"column":4}}]},"16":{"line":134,"type":"if","locations":[{"start":{"line":134,"column":2},"end":{"line":134,"column":2}},{"start":{"line":134,"column":2},"end":{"line":134,"column":2}}]},"17":{"line":141,"type":"if","locations":[{"start":{"line":141,"column":0},"end":{"line":141,"column":0}},{"start":{"line":141,"column":0},"end":{"line":141,"column":0}}]}}},"/Users/ecorreia/Sites/_tests/debugTool/caller.js":{"path":"/Users/ecorreia/Sites/_tests/debugTool/caller.js","s":{"1":2,"2":1,"3":5,"4":1,"5":5,"6":5,"7":5,"8":2},"b":{},"f":{"1":5,"2":5},"fnMap":{"1":{"name":"getCaller","line":3,"loc":{"start":{"line":3,"column":0},"end":{"line":3,"column":25}}},"2":{"name":"getData","line":7,"loc":{"start":{"line":7,"column":0},"end":{"line":7,"column":19}}}},"statementMap":{"1":{"start":{"line":1,"column":0},"end":{"line":1,"column":40}},"2":{"start":{"line":3,"column":0},"end":{"line":5,"column":1}},"3":{"start":{"line":4,"column":2},"end":{"line":4,"column":21}},"4":{"start":{"line":7,"column":0},"end":{"line":21,"column":1}},"5":{"start":{"line":8,"column":2},"end":{"line":8,"column":49}},"6":{"start":{"line":9,"column":2},"end":{"line":9,"column":24}},"7":{"start":{"line":10,"column":2},"end":{"line":20,"column":4}},"8":{"start":{"line":23,"column":0},"end":{"line":23,"column":25}}},"branchMap":{}}}