TN:
SF:/Users/ecorreia/Sites/_tests/debugTool/debug-util.js
FN:11,grab
FN:22,versionBump
FN:49,debug
FN:111,colorAndConsole
FNF:4
FNH:4
FNDA:3,grab
FNDA:3,versionBump
FNDA:4,debug
FNDA:2,colorAndConsole
DA:2,1
DA:3,1
DA:5,1
DA:7,1
DA:11,1
DA:12,3
DA:13,3
DA:15,1
DA:17,1
DA:18,0
DA:22,1
DA:23,3
DA:25,3
DA:26,9
DA:29,3
DA:31,1
DA:32,1
DA:35,1
DA:36,1
DA:37,1
DA:40,1
DA:41,1
DA:42,1
DA:43,1
DA:46,3
DA:49,1
DA:52,4
DA:55,4
DA:56,1
DA:57,1
DA:58,1
DA:60,0
DA:64,3
DA:65,1
DA:66,1
DA:67,1
DA:69,0
DA:73,2
DA:75,1
DA:76,1
DA:79,1
DA:80,1
DA:81,0
DA:82,1
DA:83,1
DA:84,0
DA:85,0
DA:88,1
DA:99,1
DA:101,1
DA:103,1
DA:104,1
DA:106,0
DA:111,1
DA:113,2
DA:114,2
DA:115,2
DA:116,2
DA:117,2
DA:118,2
DA:119,2
DA:120,2
DA:121,2
DA:122,2
DA:123,2
DA:125,2
DA:134,2
DA:135,2
DA:137,0
DA:141,1
DA:142,0
DA:145,1
DA:146,1
DA:147,1
DA:148,1
DA:149,1
LF:76
LH:67
BRDA:13,1,0,3
BRDA:13,1,1,0
BRDA:15,2,0,1
BRDA:15,2,1,1
BRDA:17,3,0,0
BRDA:17,3,1,1
BRDA:29,4,0,1
BRDA:29,4,1,1
BRDA:29,4,2,1
BRDA:55,5,0,1
BRDA:55,5,1,3
BRDA:57,6,0,1
BRDA:57,6,1,0
BRDA:64,7,0,1
BRDA:64,7,1,2
BRDA:64,8,0,3
BRDA:64,8,1,2
BRDA:66,9,0,1
BRDA:66,9,1,0
BRDA:73,10,0,1
BRDA:73,10,1,1
BRDA:75,11,0,1
BRDA:75,11,1,0
BRDA:80,12,0,0
BRDA:80,12,1,1
BRDA:82,13,0,1
BRDA:82,13,1,0
BRDA:84,14,0,0
BRDA:84,14,1,0
BRDA:103,15,0,1
BRDA:103,15,1,0
BRDA:134,16,0,2
BRDA:134,16,1,0
BRDA:141,17,0,0
BRDA:141,17,1,1
BRF:35
BRH:23
end_of_record
TN:
SF:/Users/ecorreia/Sites/_tests/debugTool/caller.js
FN:3,getCaller
FN:7,getData
FNF:2
FNH:2
FNDA:5,getCaller
FNDA:5,getData
DA:1,2
DA:3,1
DA:4,5
DA:7,1
DA:8,5
DA:9,5
DA:10,5
DA:23,2
LF:8
LH:8
BRF:0
BRH:0
end_of_record
